<?xml version="1.0" encoding="UTF-8"?>
<!-- Generated by org.testng.reporters.JUnitReportReporter -->
<testsuite skipped="0" hostname="LAPTOP-D2GVCL39" name="KTCTC.JuneMavenProjectAutomation.AnnotaionsInTestNG3" tests="2" failures="0" timestamp="2021-10-10T21:27:43 IST" time="0.036" errors="0">
  <testcase name="B" time="0.030" classname="KTCTC.JuneMavenProjectAutomation.AnnotaionsInTestNG3"/>
  <system-out/>
  <testcase name="A" time="0.006" classname="KTCTC.JuneMavenProjectAutomation.AnnotaionsInTestNG3"/>
  <system-out/>
</testsuite> <!-- KTCTC.JuneMavenProjectAutomation.AnnotaionsInTestNG3 -->
