<?xml version="1.0" encoding="UTF-8"?>
<!-- Generated by org.testng.reporters.JUnitReportReporter -->
<testsuite skipped="0" hostname="LAPTOP-D2GVCL39" name="KTCTC.JuneMavenProjectAutomation.AnnotaionsInTestNG2" tests="2" failures="0" timestamp="2021-10-10T21:27:43 IST" time="0.037" errors="0">
  <testcase name="B" time="0.012" classname="KTCTC.JuneMavenProjectAutomation.AnnotaionsInTestNG2"/>
  <system-out/>
  <testcase name="A" time="0.025" classname="KTCTC.JuneMavenProjectAutomation.AnnotaionsInTestNG2"/>
  <system-out/>
</testsuite> <!-- KTCTC.JuneMavenProjectAutomation.AnnotaionsInTestNG2 -->
