<?xml version="1.0" encoding="UTF-8"?>
<!-- Generated by org.testng.reporters.JUnitReportReporter -->
<testsuite skipped="0" hostname="LAPTOP-D2GVCL39" name="KTCTC.JuneMavenProjectAutomation.AnnotaionsInTestNG" tests="4" failures="0" timestamp="2021-10-09T20:32:11 IST" time="0.028" errors="0">
  <testcase name="B" time="0.003" classname="KTCTC.JuneMavenProjectAutomation.AnnotaionsInTestNG"/>
  <system-out/>
  <testcase name="verfyUserCanLoginWithVAlidCredentials" time="0.005" classname="KTCTC.JuneMavenProjectAutomation.AnnotaionsInTestNG"/>
  <system-out/>
  <testcase name="verfyUserCanNotLoginWithInvalidUserNameAndValidPassWord" time="0.004" classname="KTCTC.JuneMavenProjectAutomation.AnnotaionsInTestNG"/>
  <system-out/>
  <testcase name="A" time="0.016" classname="KTCTC.JuneMavenProjectAutomation.AnnotaionsInTestNG"/>
  <system-out/>
</testsuite> <!-- KTCTC.JuneMavenProjectAutomation.AnnotaionsInTestNG -->
