<?xml version="1.0" encoding="UTF-8"?>
<!-- Generated by org.testng.reporters.JUnitReportReporter -->
<testsuite skipped="0" hostname="LAPTOP-D2GVCL39" name="KTCTC.JuneMavenProjectAutomation.AnnotaionsInTestNG" tests="4" failures="0" timestamp="2021-10-10T21:27:43 IST" time="0.026" errors="0">
  <testcase name="A" time="0.005" classname="KTCTC.JuneMavenProjectAutomation.AnnotaionsInTestNG"/>
  <system-out/>
  <testcase name="B" time="0.004" classname="KTCTC.JuneMavenProjectAutomation.AnnotaionsInTestNG"/>
  <system-out/>
  <testcase name="verfyUserCanLoginWithVAlidCredentials" time="0.013" classname="KTCTC.JuneMavenProjectAutomation.AnnotaionsInTestNG"/>
  <system-out/>
  <testcase name="verfyUserCanNotLoginWithInvalidUserNameAndValidPassWord" time="0.004" classname="KTCTC.JuneMavenProjectAutomation.AnnotaionsInTestNG"/>
  <system-out/>
</testsuite> <!-- KTCTC.JuneMavenProjectAutomation.AnnotaionsInTestNG -->
