<?xml version="1.0" encoding="UTF-8"?>
<!-- Generated by org.testng.reporters.JUnitReportReporter -->
<testsuite skipped="0" hostname="LAPTOP-D2GVCL39" name="KTCTC.JuneMavenProjectAutomation.LinksInSelenium" tests="1" failures="0" timestamp="2021-10-11T21:26:50 IST" time="114.995" errors="0">
  <testcase name="getAllLinksOnPage" time="114.995" classname="KTCTC.JuneMavenProjectAutomation.LinksInSelenium"/>
  <system-out/>
</testsuite> <!-- KTCTC.JuneMavenProjectAutomation.LinksInSelenium -->
