<?xml version="1.0" encoding="UTF-8"?>
<!-- Generated by org.testng.reporters.JUnitReportReporter -->
<testsuite skipped="0" hostname="LAPTOP-D2GVCL39" name="KTCTC.JuneMavenProjectAutomation.DataProviderAnnotation" tests="6" failures="0" timestamp="2021-10-10T21:27:43 IST" time="0.026" errors="0">
  <testcase name="sampleMethod" time="0.001" classname="KTCTC.JuneMavenProjectAutomation.DataProviderAnnotation"/>
  <system-out/>
  <testcase name="sampleMethod" time="0.001" classname="KTCTC.JuneMavenProjectAutomation.DataProviderAnnotation"/>
  <system-out/>
  <testcase name="sampleMethod2" time="0.004" classname="KTCTC.JuneMavenProjectAutomation.DataProviderAnnotation"/>
  <system-out/>
  <testcase name="sampleMethod2" time="0.015" classname="KTCTC.JuneMavenProjectAutomation.DataProviderAnnotation"/>
  <system-out/>
  <testcase name="sampleMethod" time="0.004" classname="KTCTC.JuneMavenProjectAutomation.DataProviderAnnotation"/>
  <system-out/>
  <testcase name="sampleMethod" time="0.001" classname="KTCTC.JuneMavenProjectAutomation.DataProviderAnnotation"/>
  <system-out/>
</testsuite> <!-- KTCTC.JuneMavenProjectAutomation.DataProviderAnnotation -->
