<?xml version="1.0" encoding="UTF-8"?>
<!-- Generated by org.testng.reporters.JUnitReportReporter -->
<testsuite skipped="0" hostname="LAPTOP-D2GVCL39" name="KTCTC.JuneMavenProjectAutomation.AnnotaionsInTestNG3" tests="2" failures="0" timestamp="2021-10-08T21:57:21 IST" time="0.019" errors="0">
  <testcase name="A" time="0.003" classname="KTCTC.JuneMavenProjectAutomation.AnnotaionsInTestNG3"/>
  <system-out/>
  <testcase name="B" time="0.016" classname="KTCTC.JuneMavenProjectAutomation.AnnotaionsInTestNG3"/>
  <system-out/>
</testsuite> <!-- KTCTC.JuneMavenProjectAutomation.AnnotaionsInTestNG3 -->
