<?xml version="1.0" encoding="UTF-8"?>
<!-- Generated by org.testng.reporters.JUnitReportReporter -->
<testsuite skipped="0" hostname="LAPTOP-D2GVCL39" name="KTCTC.JuneMavenProjectAutomation.AnnotaionsInTestNG2" tests="2" failures="0" timestamp="2021-10-09T20:32:11 IST" time="0.028" errors="0">
  <testcase name="A" time="0.023" classname="KTCTC.JuneMavenProjectAutomation.AnnotaionsInTestNG2"/>
  <system-out/>
  <testcase name="B" time="0.005" classname="KTCTC.JuneMavenProjectAutomation.AnnotaionsInTestNG2"/>
  <system-out/>
</testsuite> <!-- KTCTC.JuneMavenProjectAutomation.AnnotaionsInTestNG2 -->
