<?xml version="1.0" encoding="UTF-8"?>
<!-- Generated by org.testng.reporters.JUnitReportReporter -->
<testsuite skipped="1" hostname="LAPTOP-D2GVCL39" name="KTCTC.JuneMavenProjectAutomation.EnableInTestNG" tests="2" failures="1" timestamp="2021-10-11T20:15:16 IST" time="0.018" errors="0">
  <testcase name="A" time="0.018" classname="KTCTC.JuneMavenProjectAutomation.EnableInTestNG">
    <failure type="java.lang.AssertionError" message="Assertion is failed expecting false expected [false] but found [true]">
      <![CDATA[java.lang.AssertionError: Assertion is failed expecting false expected [false] but found [true]
at org.testng.Assert.fail(Assert.java:99)
at org.testng.Assert.failNotEquals(Assert.java:1037)
at org.testng.Assert.assertFalse(Assert.java:67)
at KTCTC.JuneMavenProjectAutomation.EnableInTestNG.A(EnableInTestNG.java:17)
at sun.reflect.NativeMethodAccessorImpl.invoke0(Native Method)
at sun.reflect.NativeMethodAccessorImpl.invoke(Unknown Source)
at sun.reflect.DelegatingMethodAccessorImpl.invoke(Unknown Source)
at java.lang.reflect.Method.invoke(Unknown Source)
at org.testng.internal.MethodInvocationHelper.invokeMethod(MethodInvocationHelper.java:132)
at org.testng.internal.TestInvoker.invokeMethod(TestInvoker.java:599)
at org.testng.internal.TestInvoker.invokeTestMethod(TestInvoker.java:174)
at org.testng.internal.MethodRunner.runInSequence(MethodRunner.java:46)
at org.testng.internal.TestInvoker$MethodInvocationAgent.invoke(TestInvoker.java:822)
at org.testng.internal.TestInvoker.invokeTestMethods(TestInvoker.java:147)
at org.testng.internal.TestMethodWorker.invokeTestMethods(TestMethodWorker.java:146)
at org.testng.internal.TestMethodWorker.run(TestMethodWorker.java:128)
at java.util.concurrent.ThreadPoolExecutor.runWorker(Unknown Source)
at java.util.concurrent.ThreadPoolExecutor$Worker.run(Unknown Source)
at java.lang.Thread.run(Unknown Source)
]]>
    </failure>
  </testcase> <!-- A -->
  <system-out/>
  <testcase name="B" classname="KTCTC.JuneMavenProjectAutomation.EnableInTestNG">
    <skipped/>
  </testcase> <!-- B -->
  <system-out/>
</testsuite> <!-- KTCTC.JuneMavenProjectAutomation.EnableInTestNG -->
